[DEBUG] 2022-08-17 11:42:01.451 [main] logging - Logging Provider: org.jboss.logging.Log4j2LoggerProvider
[DEBUG] 2022-08-17 11:42:01.466 [main] IntegratorServiceImpl - Adding Integrator [org.hibernate.cfg.beanvalidation.BeanValidationIntegrator].
[DEBUG] 2022-08-17 11:42:01.469 [main] IntegratorServiceImpl - Adding Integrator [org.hibernate.secure.spi.JaccIntegrator].
[DEBUG] 2022-08-17 11:42:01.473 [main] IntegratorServiceImpl - Adding Integrator [org.hibernate.cache.internal.CollectionCacheInvalidator].
[INFO ] 2022-08-17 11:42:01.502 [main] Version - HHH000412: Hibernate ORM core version 5.6.10.Final
[INFO ] 2022-08-17 11:42:01.506 [main] Environment - HHH000205: Loaded properties from resource hibernate.properties: {hibernate.connection.username=postgres, hibernate.connection.password=****, hibernate.dialect=org.hibernate.dialect.PostgreSQLDialect, hibernate.show_sql=true, hibernate.connection.url=jdbc:postgresql://beck-db-instance.cewwl2d9shzm.us-east-1.rds.amazonaws.com:5432/postgres?currentSchema=pokebowl, hibernate.bytecode.use_reflection_optimizer=false, hibernate.connection.driver_class=org.postgresql.Driver, hibernate.hbm2ddl=update}
[DEBUG] 2022-08-17 11:42:01.715 [main] IntegratorServiceImpl - Adding Integrator [org.hibernate.cfg.beanvalidation.BeanValidationIntegrator].
[DEBUG] 2022-08-17 11:42:01.715 [main] IntegratorServiceImpl - Adding Integrator [org.hibernate.secure.spi.JaccIntegrator].
[DEBUG] 2022-08-17 11:42:01.715 [main] IntegratorServiceImpl - Adding Integrator [org.hibernate.cache.internal.CollectionCacheInvalidator].
[DEBUG] 2022-08-17 11:42:01.723 [main] ServiceBinding - Overriding existing service binding [org.hibernate.secure.spi.JaccService]
[DEBUG] 2022-08-17 11:42:01.723 [main] Configuration - Building session factory using provided StandardServiceRegistry
[DEBUG] 2022-08-17 11:42:01.737 [main] RegionFactoryInitiator - Cannot default RegionFactory based on registered strategies as `[]` RegionFactory strategies were registered
[DEBUG] 2022-08-17 11:42:01.738 [main] RegionFactoryInitiator - Cache region factory : org.hibernate.cache.internal.NoCachingRegionFactory
[INFO ] 2022-08-17 11:42:01.763 [main] Version - HCANN000001: Hibernate Commons Annotations {5.1.2.Final}
[DEBUG] 2022-08-17 11:42:01.918 [main] BasicTypeRegistry - Adding type registration boolean -> org.hibernate.type.BooleanType@49d3c823
[DEBUG] 2022-08-17 11:42:01.918 [main] BasicTypeRegistry - Adding type registration boolean -> org.hibernate.type.BooleanType@49d3c823
[DEBUG] 2022-08-17 11:42:01.919 [main] BasicTypeRegistry - Adding type registration java.lang.Boolean -> org.hibernate.type.BooleanType@49d3c823
[DEBUG] 2022-08-17 11:42:01.920 [main] BasicTypeRegistry - Adding type registration numeric_boolean -> org.hibernate.type.NumericBooleanType@604c5de8
[DEBUG] 2022-08-17 11:42:01.921 [main] BasicTypeRegistry - Adding type registration true_false -> org.hibernate.type.TrueFalseType@57abad67
[DEBUG] 2022-08-17 11:42:01.922 [main] BasicTypeRegistry - Adding type registration yes_no -> org.hibernate.type.YesNoType@52851b44
[DEBUG] 2022-08-17 11:42:01.924 [main] BasicTypeRegistry - Adding type registration byte -> org.hibernate.type.ByteType@f80945f
[DEBUG] 2022-08-17 11:42:01.924 [main] BasicTypeRegistry - Adding type registration byte -> org.hibernate.type.ByteType@f80945f
[DEBUG] 2022-08-17 11:42:01.925 [main] BasicTypeRegistry - Adding type registration java.lang.Byte -> org.hibernate.type.ByteType@f80945f
[DEBUG] 2022-08-17 11:42:01.926 [main] BasicTypeRegistry - Adding type registration character -> org.hibernate.type.CharacterType@6e35bc3d
[DEBUG] 2022-08-17 11:42:01.927 [main] BasicTypeRegistry - Adding type registration char -> org.hibernate.type.CharacterType@6e35bc3d
[DEBUG] 2022-08-17 11:42:01.927 [main] BasicTypeRegistry - Adding type registration java.lang.Character -> org.hibernate.type.CharacterType@6e35bc3d
[DEBUG] 2022-08-17 11:42:01.929 [main] BasicTypeRegistry - Adding type registration short -> org.hibernate.type.ShortType@604f2bd2
[DEBUG] 2022-08-17 11:42:01.929 [main] BasicTypeRegistry - Adding type registration short -> org.hibernate.type.ShortType@604f2bd2
[DEBUG] 2022-08-17 11:42:01.929 [main] BasicTypeRegistry - Adding type registration java.lang.Short -> org.hibernate.type.ShortType@604f2bd2
[DEBUG] 2022-08-17 11:42:01.931 [main] BasicTypeRegistry - Adding type registration integer -> org.hibernate.type.IntegerType@30b19518
[DEBUG] 2022-08-17 11:42:01.931 [main] BasicTypeRegistry - Adding type registration int -> org.hibernate.type.IntegerType@30b19518
[DEBUG] 2022-08-17 11:42:01.931 [main] BasicTypeRegistry - Adding type registration java.lang.Integer -> org.hibernate.type.IntegerType@30b19518
[DEBUG] 2022-08-17 11:42:01.933 [main] BasicTypeRegistry - Adding type registration long -> org.hibernate.type.LongType@62e20a76
[DEBUG] 2022-08-17 11:42:01.933 [main] BasicTypeRegistry - Adding type registration long -> org.hibernate.type.LongType@62e20a76
[DEBUG] 2022-08-17 11:42:01.933 [main] BasicTypeRegistry - Adding type registration java.lang.Long -> org.hibernate.type.LongType@62e20a76
[DEBUG] 2022-08-17 11:42:01.934 [main] BasicTypeRegistry - Adding type registration float -> org.hibernate.type.FloatType@63dd899
[DEBUG] 2022-08-17 11:42:01.935 [main] BasicTypeRegistry - Adding type registration float -> org.hibernate.type.FloatType@63dd899
[DEBUG] 2022-08-17 11:42:01.935 [main] BasicTypeRegistry - Adding type registration java.lang.Float -> org.hibernate.type.FloatType@63dd899
[DEBUG] 2022-08-17 11:42:01.937 [main] BasicTypeRegistry - Adding type registration double -> org.hibernate.type.DoubleType@10b9db7b
[DEBUG] 2022-08-17 11:42:01.937 [main] BasicTypeRegistry - Adding type registration double -> org.hibernate.type.DoubleType@10b9db7b
[DEBUG] 2022-08-17 11:42:01.937 [main] BasicTypeRegistry - Adding type registration java.lang.Double -> org.hibernate.type.DoubleType@10b9db7b
[DEBUG] 2022-08-17 11:42:01.939 [main] BasicTypeRegistry - Adding type registration big_decimal -> org.hibernate.type.BigDecimalType@4535b6d5
[DEBUG] 2022-08-17 11:42:01.939 [main] BasicTypeRegistry - Adding type registration java.math.BigDecimal -> org.hibernate.type.BigDecimalType@4535b6d5
[DEBUG] 2022-08-17 11:42:01.940 [main] BasicTypeRegistry - Adding type registration big_integer -> org.hibernate.type.BigIntegerType@22ffa91a
[DEBUG] 2022-08-17 11:42:01.940 [main] BasicTypeRegistry - Adding type registration java.math.BigInteger -> org.hibernate.type.BigIntegerType@22ffa91a
[DEBUG] 2022-08-17 11:42:01.941 [main] BasicTypeRegistry - Adding type registration string -> org.hibernate.type.StringType@5b619d14
[DEBUG] 2022-08-17 11:42:01.942 [main] BasicTypeRegistry - Adding type registration java.lang.String -> org.hibernate.type.StringType@5b619d14
[DEBUG] 2022-08-17 11:42:01.943 [main] BasicTypeRegistry - Adding type registration nstring -> org.hibernate.type.StringNVarcharType@7f36662c
[DEBUG] 2022-08-17 11:42:01.943 [main] BasicTypeRegistry - Adding type registration ncharacter -> org.hibernate.type.CharacterNCharType@54dcfa5a
[DEBUG] 2022-08-17 11:42:01.944 [main] BasicTypeRegistry - Adding type registration url -> org.hibernate.type.UrlType@17a1e4ca
[DEBUG] 2022-08-17 11:42:01.945 [main] BasicTypeRegistry - Adding type registration java.net.URL -> org.hibernate.type.UrlType@17a1e4ca
[DEBUG] 2022-08-17 11:42:01.946 [main] BasicTypeRegistry - Adding type registration Duration -> org.hibernate.type.DurationType@340b9973
[DEBUG] 2022-08-17 11:42:01.946 [main] BasicTypeRegistry - Adding type registration java.time.Duration -> org.hibernate.type.DurationType@340b9973
[DEBUG] 2022-08-17 11:42:01.957 [main] BasicTypeRegistry - Adding type registration Instant -> org.hibernate.type.InstantType@3016fd5e
[DEBUG] 2022-08-17 11:42:01.957 [main] BasicTypeRegistry - Adding type registration java.time.Instant -> org.hibernate.type.InstantType@3016fd5e
[DEBUG] 2022-08-17 11:42:01.959 [main] BasicTypeRegistry - Adding type registration LocalDateTime -> org.hibernate.type.LocalDateTimeType@5aac4250
[DEBUG] 2022-08-17 11:42:01.959 [main] BasicTypeRegistry - Adding type registration java.time.LocalDateTime -> org.hibernate.type.LocalDateTimeType@5aac4250
[DEBUG] 2022-08-17 11:42:01.961 [main] BasicTypeRegistry - Adding type registration LocalDate -> org.hibernate.type.LocalDateType@7ca33c24
[DEBUG] 2022-08-17 11:42:01.961 [main] BasicTypeRegistry - Adding type registration java.time.LocalDate -> org.hibernate.type.LocalDateType@7ca33c24
[DEBUG] 2022-08-17 11:42:01.962 [main] BasicTypeRegistry - Adding type registration LocalTime -> org.hibernate.type.LocalTimeType@178213b
[DEBUG] 2022-08-17 11:42:01.963 [main] BasicTypeRegistry - Adding type registration java.time.LocalTime -> org.hibernate.type.LocalTimeType@178213b
[DEBUG] 2022-08-17 11:42:01.964 [main] BasicTypeRegistry - Adding type registration OffsetDateTime -> org.hibernate.type.OffsetDateTimeType@18920cc
[DEBUG] 2022-08-17 11:42:01.964 [main] BasicTypeRegistry - Adding type registration java.time.OffsetDateTime -> org.hibernate.type.OffsetDateTimeType@18920cc
[DEBUG] 2022-08-17 11:42:01.966 [main] BasicTypeRegistry - Adding type registration OffsetTime -> org.hibernate.type.OffsetTimeType@39a8312f
[DEBUG] 2022-08-17 11:42:01.966 [main] BasicTypeRegistry - Adding type registration java.time.OffsetTime -> org.hibernate.type.OffsetTimeType@39a8312f
[DEBUG] 2022-08-17 11:42:01.970 [main] BasicTypeRegistry - Adding type registration ZonedDateTime -> org.hibernate.type.ZonedDateTimeType@2dd80673
[DEBUG] 2022-08-17 11:42:01.970 [main] BasicTypeRegistry - Adding type registration java.time.ZonedDateTime -> org.hibernate.type.ZonedDateTimeType@2dd80673
[DEBUG] 2022-08-17 11:42:01.972 [main] BasicTypeRegistry - Adding type registration date -> org.hibernate.type.DateType@4b45dcb8
[DEBUG] 2022-08-17 11:42:01.972 [main] BasicTypeRegistry - Adding type registration java.sql.Date -> org.hibernate.type.DateType@4b45dcb8
[DEBUG] 2022-08-17 11:42:01.973 [main] BasicTypeRegistry - Adding type registration time -> org.hibernate.type.TimeType@70a36a66
[DEBUG] 2022-08-17 11:42:01.974 [main] BasicTypeRegistry - Adding type registration java.sql.Time -> org.hibernate.type.TimeType@70a36a66
[DEBUG] 2022-08-17 11:42:01.975 [main] BasicTypeRegistry - Adding type registration timestamp -> org.hibernate.type.TimestampType@299321e2
[DEBUG] 2022-08-17 11:42:01.975 [main] BasicTypeRegistry - Adding type registration java.sql.Timestamp -> org.hibernate.type.TimestampType@299321e2
[DEBUG] 2022-08-17 11:42:01.976 [main] BasicTypeRegistry - Adding type registration java.util.Date -> org.hibernate.type.TimestampType@299321e2
[DEBUG] 2022-08-17 11:42:01.977 [main] BasicTypeRegistry - Adding type registration dbtimestamp -> org.hibernate.type.DbTimestampType@158a3b2e
[DEBUG] 2022-08-17 11:42:01.978 [main] BasicTypeRegistry - Adding type registration calendar -> org.hibernate.type.CalendarType@3e821657
[DEBUG] 2022-08-17 11:42:01.979 [main] BasicTypeRegistry - Adding type registration java.util.Calendar -> org.hibernate.type.CalendarType@3e821657
[DEBUG] 2022-08-17 11:42:01.979 [main] BasicTypeRegistry - Adding type registration java.util.GregorianCalendar -> org.hibernate.type.CalendarType@3e821657
[DEBUG] 2022-08-17 11:42:01.980 [main] BasicTypeRegistry - Adding type registration calendar_date -> org.hibernate.type.CalendarDateType@615091b8
[DEBUG] 2022-08-17 11:42:01.981 [main] BasicTypeRegistry - Adding type registration calendar_time -> org.hibernate.type.CalendarTimeType@19648c40
[DEBUG] 2022-08-17 11:42:01.982 [main] BasicTypeRegistry - Adding type registration locale -> org.hibernate.type.LocaleType@70ab2d48
[DEBUG] 2022-08-17 11:42:01.982 [main] BasicTypeRegistry - Adding type registration java.util.Locale -> org.hibernate.type.LocaleType@70ab2d48
[DEBUG] 2022-08-17 11:42:01.984 [main] BasicTypeRegistry - Adding type registration currency -> org.hibernate.type.CurrencyType@7cbc3762
[DEBUG] 2022-08-17 11:42:01.984 [main] BasicTypeRegistry - Adding type registration java.util.Currency -> org.hibernate.type.CurrencyType@7cbc3762
[DEBUG] 2022-08-17 11:42:01.986 [main] BasicTypeRegistry - Adding type registration timezone -> org.hibernate.type.TimeZoneType@8692d67
[DEBUG] 2022-08-17 11:42:01.986 [main] BasicTypeRegistry - Adding type registration java.util.TimeZone -> org.hibernate.type.TimeZoneType@8692d67
[DEBUG] 2022-08-17 11:42:01.987 [main] BasicTypeRegistry - Adding type registration class -> org.hibernate.type.ClassType@23bff419
[DEBUG] 2022-08-17 11:42:01.987 [main] BasicTypeRegistry - Adding type registration java.lang.Class -> org.hibernate.type.ClassType@23bff419
[DEBUG] 2022-08-17 11:42:01.988 [main] BasicTypeRegistry - Adding type registration uuid-binary -> org.hibernate.type.UUIDBinaryType@1d2bd371
[DEBUG] 2022-08-17 11:42:01.988 [main] BasicTypeRegistry - Adding type registration java.util.UUID -> org.hibernate.type.UUIDBinaryType@1d2bd371
[DEBUG] 2022-08-17 11:42:01.989 [main] BasicTypeRegistry - Adding type registration uuid-char -> org.hibernate.type.UUIDCharType@18bc345
[DEBUG] 2022-08-17 11:42:01.990 [main] BasicTypeRegistry - Adding type registration binary -> org.hibernate.type.BinaryType@6b53bcc2
[DEBUG] 2022-08-17 11:42:01.990 [main] BasicTypeRegistry - Adding type registration byte[] -> org.hibernate.type.BinaryType@6b53bcc2
[DEBUG] 2022-08-17 11:42:01.991 [main] BasicTypeRegistry - Adding type registration [B -> org.hibernate.type.BinaryType@6b53bcc2
[DEBUG] 2022-08-17 11:42:01.992 [main] BasicTypeRegistry - Adding type registration wrapper-binary -> org.hibernate.type.WrapperBinaryType@37052337
[DEBUG] 2022-08-17 11:42:01.992 [main] BasicTypeRegistry - Adding type registration Byte[] -> org.hibernate.type.WrapperBinaryType@37052337
[DEBUG] 2022-08-17 11:42:01.992 [main] BasicTypeRegistry - Adding type registration [Ljava.lang.Byte; -> org.hibernate.type.WrapperBinaryType@37052337
[DEBUG] 2022-08-17 11:42:01.993 [main] BasicTypeRegistry - Adding type registration row_version -> org.hibernate.type.RowVersionType@77a7cf58
[DEBUG] 2022-08-17 11:42:01.994 [main] BasicTypeRegistry - Adding type registration image -> org.hibernate.type.ImageType@37efd131
[DEBUG] 2022-08-17 11:42:01.995 [main] BasicTypeRegistry - Adding type registration characters -> org.hibernate.type.CharArrayType@fcb4004
[DEBUG] 2022-08-17 11:42:01.996 [main] BasicTypeRegistry - Adding type registration char[] -> org.hibernate.type.CharArrayType@fcb4004
[DEBUG] 2022-08-17 11:42:01.996 [main] BasicTypeRegistry - Adding type registration [C -> org.hibernate.type.CharArrayType@fcb4004
[DEBUG] 2022-08-17 11:42:01.997 [main] BasicTypeRegistry - Adding type registration wrapper-characters -> org.hibernate.type.CharacterArrayType@53142455
[DEBUG] 2022-08-17 11:42:01.997 [main] BasicTypeRegistry - Adding type registration [Ljava.lang.Character; -> org.hibernate.type.CharacterArrayType@53142455
[DEBUG] 2022-08-17 11:42:01.998 [main] BasicTypeRegistry - Adding type registration Character[] -> org.hibernate.type.CharacterArrayType@53142455
[DEBUG] 2022-08-17 11:42:01.998 [main] BasicTypeRegistry - Adding type registration text -> org.hibernate.type.TextType@60975100
[DEBUG] 2022-08-17 11:42:01.999 [main] BasicTypeRegistry - Adding type registration ntext -> org.hibernate.type.NTextType@61c9c3fd
[DEBUG] 2022-08-17 11:42:02.001 [main] BasicTypeRegistry - Adding type registration blob -> org.hibernate.type.BlobType@7e8dcdaa
[DEBUG] 2022-08-17 11:42:02.001 [main] BasicTypeRegistry - Adding type registration java.sql.Blob -> org.hibernate.type.BlobType@7e8dcdaa
[DEBUG] 2022-08-17 11:42:02.001 [main] BasicTypeRegistry - Adding type registration materialized_blob -> org.hibernate.type.MaterializedBlobType@5c08c46a
[DEBUG] 2022-08-17 11:42:02.003 [main] BasicTypeRegistry - Adding type registration clob -> org.hibernate.type.ClobType@c35172e
[DEBUG] 2022-08-17 11:42:02.003 [main] BasicTypeRegistry - Adding type registration java.sql.Clob -> org.hibernate.type.ClobType@c35172e
[DEBUG] 2022-08-17 11:42:02.005 [main] BasicTypeRegistry - Adding type registration nclob -> org.hibernate.type.NClobType@6f2cfcc2
[DEBUG] 2022-08-17 11:42:02.005 [main] BasicTypeRegistry - Adding type registration java.sql.NClob -> org.hibernate.type.NClobType@6f2cfcc2
[DEBUG] 2022-08-17 11:42:02.006 [main] BasicTypeRegistry - Adding type registration materialized_clob -> org.hibernate.type.MaterializedClobType@ccb4b1b
[DEBUG] 2022-08-17 11:42:02.006 [main] BasicTypeRegistry - Adding type registration materialized_nclob -> org.hibernate.type.MaterializedNClobType@2a5b3fee
[DEBUG] 2022-08-17 11:42:02.008 [main] BasicTypeRegistry - Adding type registration serializable -> org.hibernate.type.SerializableType@119020fb
[DEBUG] 2022-08-17 11:42:02.039 [main] BasicTypeRegistry - Adding type registration object -> org.hibernate.type.ObjectType@555cf22
[DEBUG] 2022-08-17 11:42:02.039 [main] BasicTypeRegistry - Adding type registration java.lang.Object -> org.hibernate.type.ObjectType@555cf22
[DEBUG] 2022-08-17 11:42:02.040 [main] BasicTypeRegistry - Adding type registration imm_date -> org.hibernate.type.AdaptedImmutableType@1a9c38eb
[DEBUG] 2022-08-17 11:42:02.040 [main] BasicTypeRegistry - Adding type registration imm_time -> org.hibernate.type.AdaptedImmutableType@319bc845
[DEBUG] 2022-08-17 11:42:02.040 [main] BasicTypeRegistry - Adding type registration imm_timestamp -> org.hibernate.type.AdaptedImmutableType@4c5474f5
[DEBUG] 2022-08-17 11:42:02.041 [main] BasicTypeRegistry - Adding type registration imm_dbtimestamp -> org.hibernate.type.AdaptedImmutableType@2f4205be
[DEBUG] 2022-08-17 11:42:02.041 [main] BasicTypeRegistry - Adding type registration imm_calendar -> org.hibernate.type.AdaptedImmutableType@54e22bdd
[DEBUG] 2022-08-17 11:42:02.041 [main] BasicTypeRegistry - Adding type registration imm_calendar_date -> org.hibernate.type.AdaptedImmutableType@3bd418e4
[DEBUG] 2022-08-17 11:42:02.041 [main] BasicTypeRegistry - Adding type registration imm_binary -> org.hibernate.type.AdaptedImmutableType@544820b7
[DEBUG] 2022-08-17 11:42:02.041 [main] BasicTypeRegistry - Adding type registration imm_serializable -> org.hibernate.type.AdaptedImmutableType@6b98a075
[DEBUG] 2022-08-17 11:42:02.080 [main] DefaultIdentifierGeneratorFactory - Registering IdentifierGenerator strategy [uuid2] -> [org.hibernate.id.UUIDGenerator]
[DEBUG] 2022-08-17 11:42:02.081 [main] DefaultIdentifierGeneratorFactory - Registering IdentifierGenerator strategy [guid] -> [org.hibernate.id.GUIDGenerator]
[DEBUG] 2022-08-17 11:42:02.082 [main] DefaultIdentifierGeneratorFactory - Registering IdentifierGenerator strategy [uuid] -> [org.hibernate.id.UUIDHexGenerator]
[DEBUG] 2022-08-17 11:42:02.082 [main] DefaultIdentifierGeneratorFactory - Registering IdentifierGenerator strategy [uuid.hex] -> [org.hibernate.id.UUIDHexGenerator]
[DEBUG] 2022-08-17 11:42:02.083 [main] DefaultIdentifierGeneratorFactory - Registering IdentifierGenerator strategy [assigned] -> [org.hibernate.id.Assigned]
[DEBUG] 2022-08-17 11:42:02.084 [main] DefaultIdentifierGeneratorFactory - Registering IdentifierGenerator strategy [identity] -> [org.hibernate.id.IdentityGenerator]
[DEBUG] 2022-08-17 11:42:02.085 [main] DefaultIdentifierGeneratorFactory - Registering IdentifierGenerator strategy [select] -> [org.hibernate.id.SelectGenerator]
[DEBUG] 2022-08-17 11:42:02.086 [main] DefaultIdentifierGeneratorFactory - Registering IdentifierGenerator strategy [sequence] -> [org.hibernate.id.enhanced.SequenceStyleGenerator]
[DEBUG] 2022-08-17 11:42:02.087 [main] DefaultIdentifierGeneratorFactory - Registering IdentifierGenerator strategy [seqhilo] -> [org.hibernate.id.SequenceHiLoGenerator]
[DEBUG] 2022-08-17 11:42:02.088 [main] DefaultIdentifierGeneratorFactory - Registering IdentifierGenerator strategy [increment] -> [org.hibernate.id.IncrementGenerator]
[DEBUG] 2022-08-17 11:42:02.088 [main] DefaultIdentifierGeneratorFactory - Registering IdentifierGenerator strategy [foreign] -> [org.hibernate.id.ForeignGenerator]
[DEBUG] 2022-08-17 11:42:02.089 [main] DefaultIdentifierGeneratorFactory - Registering IdentifierGenerator strategy [sequence-identity] -> [org.hibernate.id.SequenceIdentityGenerator]
[DEBUG] 2022-08-17 11:42:02.089 [main] DefaultIdentifierGeneratorFactory - Registering IdentifierGenerator strategy [enhanced-sequence] -> [org.hibernate.id.enhanced.SequenceStyleGenerator]
[DEBUG] 2022-08-17 11:42:02.090 [main] DefaultIdentifierGeneratorFactory - Registering IdentifierGenerator strategy [enhanced-table] -> [org.hibernate.id.enhanced.TableGenerator]
[WARN ] 2022-08-17 11:42:02.098 [main] pooling - HHH10001002: Using Hibernate built-in connection pool (not for production use!)
[INFO ] 2022-08-17 11:42:02.104 [main] pooling - HHH10001005: using driver [org.postgresql.Driver] at URL [jdbc:postgresql://beck-db-instance.cewwl2d9shzm.us-east-1.rds.amazonaws.com:5432/postgres?currentSchema=pokebowl]
[INFO ] 2022-08-17 11:42:02.104 [main] pooling - HHH10001001: Connection properties: {user=postgres, password=WSo3vUcu75t39dnr9GPfWt}
[INFO ] 2022-08-17 11:42:02.105 [main] pooling - HHH10001003: Autocommit mode: false
[DEBUG] 2022-08-17 11:42:02.110 [main] DriverManagerConnectionProviderImpl - Initializing Connection pool with 1 Connections
[INFO ] 2022-08-17 11:42:02.110 [main] DriverManagerConnectionProviderImpl - HHH000115: Hibernate connection pool size: 20 (min=1)
[DEBUG] 2022-08-17 11:42:02.892 [main] JdbcEnvironmentInitiator - Database ->
       name : PostgreSQL
    version : 13.4
      major : 13
      minor : 4
[DEBUG] 2022-08-17 11:42:02.892 [main] JdbcEnvironmentInitiator - Driver ->
       name : PostgreSQL JDBC Driver
    version : 42.3.3
      major : 42
      minor : 3
[DEBUG] 2022-08-17 11:42:02.893 [main] JdbcEnvironmentInitiator - JDBC version : 4.2
[INFO ] 2022-08-17 11:42:02.909 [main] Dialect - HHH000400: Using dialect: org.hibernate.dialect.PostgreSQLDialect
[DEBUG] 2022-08-17 11:42:02.927 [main] IdentifierHelperBuilder - JDBC driver metadata reported database stores quoted identifiers in neither upper, lower nor mixed case
[DEBUG] 2022-08-17 11:42:03.077 [main] BasicTypeRegistry - Adding type registration pg-uuid -> org.hibernate.type.PostgresUUIDType@46074492
[DEBUG] 2022-08-17 11:42:03.077 [main] BasicTypeRegistry - Adding type registration java.util.UUID -> org.hibernate.type.PostgresUUIDType@46074492
[DEBUG] 2022-08-17 11:42:03.077 [main] BasicTypeRegistry - HHH000270: Type registration [java.util.UUID] overrides previous : org.hibernate.type.UUIDBinaryType@1d2bd371
[DEBUG] 2022-08-17 11:42:03.079 [main] TypeConfiguration$Scope - Scoping TypeConfiguration [org.hibernate.type.spi.TypeConfiguration@1b0a7baf] to MetadataBuildingContext [org.hibernate.boot.internal.MetadataBuildingContextRootImpl@62417a16]
[DEBUG] 2022-08-17 11:42:03.116 [main] AnnotationMetadataSourceProcessorImpl - Encountered a non-categorized annotated class [com.revature.pokebowl.dish.Dish]; ignoring
[DEBUG] 2022-08-17 11:42:03.118 [main] Namespace - Created database namespace [logicalName=Name{catalog=null, schema=null}, physicalName=Name{catalog=null, schema=null}]
[DEBUG] 2022-08-17 11:42:03.174 [main] SessionFactoryImpl - Building session factory
[DEBUG] 2022-08-17 11:42:03.175 [main] Settings - SessionFactory name : null
[DEBUG] 2022-08-17 11:42:03.175 [main] Settings - Automatic flush during beforeCompletion(): enabled
[DEBUG] 2022-08-17 11:42:03.175 [main] Settings - Automatic session close at end of transaction: disabled
[DEBUG] 2022-08-17 11:42:03.176 [main] Settings - Statistics: disabled
[DEBUG] 2022-08-17 11:42:03.176 [main] Settings - Deleted entity synthetic identifier rollback: disabled
[DEBUG] 2022-08-17 11:42:03.176 [main] Settings - Default entity-mode: pojo
[DEBUG] 2022-08-17 11:42:03.176 [main] Settings - Check Nullability in Core (should be disabled when Bean Validation is on): enabled
[DEBUG] 2022-08-17 11:42:03.176 [main] Settings - Allow initialization of lazy state outside session : disabled
[DEBUG] 2022-08-17 11:42:03.177 [main] Settings - Using BatchFetchStyle : LEGACY
[DEBUG] 2022-08-17 11:42:03.177 [main] Settings - Default batch fetch size: -1
[DEBUG] 2022-08-17 11:42:03.177 [main] Settings - Maximum outer join fetch depth: null
[DEBUG] 2022-08-17 11:42:03.177 [main] Settings - Default null ordering: NONE
[DEBUG] 2022-08-17 11:42:03.177 [main] Settings - Order SQL updates by primary key: disabled
[DEBUG] 2022-08-17 11:42:03.177 [main] Settings - Order SQL inserts for batching: disabled
[DEBUG] 2022-08-17 11:42:03.178 [main] Settings - multi-tenancy strategy : NONE
[DEBUG] 2022-08-17 11:42:03.178 [main] Settings - JTA Track by Thread: enabled
[DEBUG] 2022-08-17 11:42:03.178 [main] Settings - Query language substitutions: {}
[DEBUG] 2022-08-17 11:42:03.178 [main] Settings - Named query checking : enabled
[DEBUG] 2022-08-17 11:42:03.178 [main] Settings - Second-level cache: disabled
[DEBUG] 2022-08-17 11:42:03.179 [main] Settings - Second-level query cache: disabled
[DEBUG] 2022-08-17 11:42:03.179 [main] Settings - Second-level query cache factory: null
[DEBUG] 2022-08-17 11:42:03.179 [main] Settings - Second-level cache region prefix: null
[DEBUG] 2022-08-17 11:42:03.179 [main] Settings - Optimize second-level cache for minimal puts: disabled
[DEBUG] 2022-08-17 11:42:03.179 [main] Settings - Structured second-level cache entries: disabled
[DEBUG] 2022-08-17 11:42:03.179 [main] Settings - Second-level cache direct-reference entries: disabled
[DEBUG] 2022-08-17 11:42:03.180 [main] Settings - Automatic eviction of collection cache: disabled
[DEBUG] 2022-08-17 11:42:03.180 [main] Settings - JDBC batch size: 15
[DEBUG] 2022-08-17 11:42:03.180 [main] Settings - JDBC batch updates for versioned data: enabled
[DEBUG] 2022-08-17 11:42:03.180 [main] Settings - Scrollable result sets: enabled
[DEBUG] 2022-08-17 11:42:03.180 [main] Settings - Wrap result sets: disabled
[DEBUG] 2022-08-17 11:42:03.181 [main] Settings - JDBC3 getGeneratedKeys(): enabled
[DEBUG] 2022-08-17 11:42:03.181 [main] Settings - JDBC result set fetch size: null
[DEBUG] 2022-08-17 11:42:03.181 [main] Settings - Connection release mode: AFTER_TRANSACTION
[DEBUG] 2022-08-17 11:42:03.181 [main] Settings - Generate SQL with comments: disabled
[DEBUG] 2022-08-17 11:42:03.181 [main] Settings - JPA compliance - query : disabled
[DEBUG] 2022-08-17 11:42:03.182 [main] Settings - JPA compliance - closed-handling : disabled
[DEBUG] 2022-08-17 11:42:03.182 [main] Settings - JPA compliance - lists : disabled
[DEBUG] 2022-08-17 11:42:03.182 [main] Settings - JPA compliance - transactions : disabled
[DEBUG] 2022-08-17 11:42:03.246 [main] SessionFactoryServiceRegistryImpl - EventListenerRegistry access via ServiceRegistry is deprecated.  Use `sessionFactory.getEventEngine().getListenerRegistry()` instead
[DEBUG] 2022-08-17 11:42:03.248 [main] SessionFactoryServiceRegistryImpl - EventListenerRegistry access via ServiceRegistry is deprecated.  Use `sessionFactory.getEventEngine().getListenerRegistry()` instead
[DEBUG] 2022-08-17 11:42:03.266 [main] SessionFactoryImpl - Session factory constructed with filter configurations : {}
[DEBUG] 2022-08-17 11:42:03.267 [main] SessionFactoryImpl - Instantiating session factory with properties: {sun.desktop=windows, awt.toolkit=sun.awt.windows.WToolkit, file.encoding.pkg=sun.io, java.specification.version=1.8, sun.cpu.isalist=amd64, sun.jnu.encoding=Cp1252, hibernate.dialect=org.hibernate.dialect.PostgreSQLDialect, java.class.path=C:\Users\Caleb A Beck\.m2\repository\org\junit\platform\junit-platform-launcher\1.8.2\junit-platform-launcher-1.8.2.jar;C:\Users\Caleb A Beck\.m2\repository\org\junit\platform\junit-platform-engine\1.8.2\junit-platform-engine-1.8.2.jar;C:\Users\Caleb A Beck\.m2\repository\org\junit\jupiter\junit-jupiter-engine\5.8.2\junit-jupiter-engine-5.8.2.jar;C:\Program Files\JetBrains\IntelliJ IDEA Community Edition 2022.1.4\lib\idea_rt.jar;C:\Program Files\JetBrains\IntelliJ IDEA Community Edition 2022.1.4\plugins\junit\lib\junit5-rt.jar;C:\Program Files\JetBrains\IntelliJ IDEA Community Edition 2022.1.4\plugins\junit\lib\junit-rt.jar;C:\Program Files\Eclipse Adoptium\jdk-8.0.332.9-hotspot\jre\lib\charsets.jar;C:\Program Files\Eclipse Adoptium\jdk-8.0.332.9-hotspot\jre\lib\ext\access-bridge-64.jar;C:\Program Files\Eclipse Adoptium\jdk-8.0.332.9-hotspot\jre\lib\ext\cldrdata.jar;C:\Program Files\Eclipse Adoptium\jdk-8.0.332.9-hotspot\jre\lib\ext\dnsns.jar;C:\Program Files\Eclipse Adoptium\jdk-8.0.332.9-hotspot\jre\lib\ext\jaccess.jar;C:\Program Files\Eclipse Adoptium\jdk-8.0.332.9-hotspot\jre\lib\ext\localedata.jar;C:\Program Files\Eclipse Adoptium\jdk-8.0.332.9-hotspot\jre\lib\ext\nashorn.jar;C:\Program Files\Eclipse Adoptium\jdk-8.0.332.9-hotspot\jre\lib\ext\sunec.jar;C:\Program Files\Eclipse Adoptium\jdk-8.0.332.9-hotspot\jre\lib\ext\sunjce_provider.jar;C:\Program Files\Eclipse Adoptium\jdk-8.0.332.9-hotspot\jre\lib\ext\sunmscapi.jar;C:\Program Files\Eclipse Adoptium\jdk-8.0.332.9-hotspot\jre\lib\ext\sunpkcs11.jar;C:\Program Files\Eclipse Adoptium\jdk-8.0.332.9-hotspot\jre\lib\ext\zipfs.jar;C:\Program Files\Eclipse Adoptium\jdk-8.0.332.9-hotspot\jre\lib\jce.jar;C:\Program Files\Eclipse Adoptium\jdk-8.0.332.9-hotspot\jre\lib\jfr.jar;C:\Program Files\Eclipse Adoptium\jdk-8.0.332.9-hotspot\jre\lib\jsse.jar;C:\Program Files\Eclipse Adoptium\jdk-8.0.332.9-hotspot\jre\lib\management-agent.jar;C:\Program Files\Eclipse Adoptium\jdk-8.0.332.9-hotspot\jre\lib\resources.jar;C:\Program Files\Eclipse Adoptium\jdk-8.0.332.9-hotspot\jre\lib\rt.jar;C:\Users\Caleb A Beck\Desktop\Software Development\revature\java_projects\pokebowl_API_BFCB\target\test-classes;C:\Users\Caleb A Beck\Desktop\Software Development\revature\java_projects\pokebowl_API_BFCB\target\classes;C:\Users\Caleb A Beck\.m2\repository\org\postgresql\postgresql\42.3.3\postgresql-42.3.3.jar;C:\Users\Caleb A Beck\.m2\repository\org\checkerframework\checker-qual\3.5.0\checker-qual-3.5.0.jar;C:\Users\Caleb A Beck\.m2\repository\org\junit\jupiter\junit-jupiter-api\5.8.2\junit-jupiter-api-5.8.2.jar;C:\Users\Caleb A Beck\.m2\repository\org\opentest4j\opentest4j\1.2.0\opentest4j-1.2.0.jar;C:\Users\Caleb A Beck\.m2\repository\org\junit\platform\junit-platform-commons\1.8.2\junit-platform-commons-1.8.2.jar;C:\Users\Caleb A Beck\.m2\repository\org\apiguardian\apiguardian-api\1.1.2\apiguardian-api-1.1.2.jar;C:\Users\Caleb A Beck\.m2\repository\org\mockito\mockito-core\4.6.1\mockito-core-4.6.1.jar;C:\Users\Caleb A Beck\.m2\repository\net\bytebuddy\byte-buddy\1.12.10\byte-buddy-1.12.10.jar;C:\Users\Caleb A Beck\.m2\repository\net\bytebuddy\byte-buddy-agent\1.12.10\byte-buddy-agent-1.12.10.jar;C:\Users\Caleb A Beck\.m2\repository\org\objenesis\objenesis\3.2\objenesis-3.2.jar;C:\Users\Caleb A Beck\.m2\repository\org\apache\tomcat\embed\tomcat-embed-core\8.5.23\tomcat-embed-core-8.5.23.jar;C:\Users\Caleb A Beck\.m2\repository\org\apache\tomcat\tomcat-annotations-api\8.5.23\tomcat-annotations-api-8.5.23.jar;C:\Users\Caleb A Beck\.m2\repository\org\apache\tomcat\embed\tomcat-embed-jasper\8.5.23\tomcat-embed-jasper-8.5.23.jar;C:\Users\Caleb A Beck\.m2\repository\org\apache\tomcat\embed\tomcat-embed-el\8.5.23\tomcat-embed-el-8.5.23.jar;C:\Users\Caleb A Beck\.m2\repository\org\eclipse\jdt\ecj\3.12.3\ecj-3.12.3.jar;C:\Users\Caleb A Beck\.m2\repository\org\apache\tomcat\tomcat-jasper\8.5.23\tomcat-jasper-8.5.23.jar;C:\Users\Caleb A Beck\.m2\repository\org\apache\tomcat\tomcat-servlet-api\8.5.23\tomcat-servlet-api-8.5.23.jar;C:\Users\Caleb A Beck\.m2\repository\org\apache\tomcat\tomcat-juli\8.5.23\tomcat-juli-8.5.23.jar;C:\Users\Caleb A Beck\.m2\repository\org\apache\tomcat\tomcat-el-api\8.5.23\tomcat-el-api-8.5.23.jar;C:\Users\Caleb A Beck\.m2\repository\org\apache\tomcat\tomcat-api\8.5.23\tomcat-api-8.5.23.jar;C:\Users\Caleb A Beck\.m2\repository\org\apache\tomcat\tomcat-util-scan\8.5.23\tomcat-util-scan-8.5.23.jar;C:\Users\Caleb A Beck\.m2\repository\org\apache\tomcat\tomcat-util\8.5.23\tomcat-util-8.5.23.jar;C:\Users\Caleb A Beck\.m2\repository\org\apache\tomcat\tomcat-jasper-el\8.5.23\tomcat-jasper-el-8.5.23.jar;C:\Users\Caleb A Beck\.m2\repository\org\apache\tomcat\tomcat-jsp-api\8.5.23\tomcat-jsp-api-8.5.23.jar;C:\Users\Caleb A Beck\.m2\repository\com\fasterxml\jackson\core\jackson-databind\2.13.3\jackson-databind-2.13.3.jar;C:\Users\Caleb A Beck\.m2\repository\com\fasterxml\jackson\core\jackson-annotations\2.13.3\jackson-annotations-2.13.3.jar;C:\Users\Caleb A Beck\.m2\repository\com\fasterxml\jackson\core\jackson-core\2.13.3\jackson-core-2.13.3.jar;C:\Users\Caleb A Beck\.m2\repository\org\apache\logging\log4j\log4j-core\2.17.1\log4j-core-2.17.1.jar;C:\Users\Caleb A Beck\.m2\repository\org\apache\logging\log4j\log4j-api\2.17.1\log4j-api-2.17.1.jar;C:\Users\Caleb A Beck\.m2\repository\org\hibernate\hibernate-core\5.6.10.Final\hibernate-core-5.6.10.Final.jar;C:\Users\Caleb A Beck\.m2\repository\org\jboss\logging\jboss-logging\3.4.3.Final\jboss-logging-3.4.3.Final.jar;C:\Users\Caleb A Beck\.m2\repository\javax\persistence\javax.persistence-api\2.2\javax.persistence-api-2.2.jar;C:\Users\Caleb A Beck\.m2\repository\antlr\antlr\2.7.7\antlr-2.7.7.jar;C:\Users\Caleb A Beck\.m2\repository\org\jboss\spec\javax\transaction\jboss-transaction-api_1.2_spec\1.1.1.Final\jboss-transaction-api_1.2_spec-1.1.1.Final.jar;C:\Users\Caleb A Beck\.m2\repository\org\jboss\jandex\2.4.2.Final\jandex-2.4.2.Final.jar;C:\Users\Caleb A Beck\.m2\repository\com\fasterxml\classmate\1.5.1\classmate-1.5.1.jar;C:\Users\Caleb A Beck\.m2\repository\javax\activation\javax.activation-api\1.2.0\javax.activation-api-1.2.0.jar;C:\Users\Caleb A Beck\.m2\repository\org\hibernate\common\hibernate-commons-annotations\5.1.2.Final\hibernate-commons-annotations-5.1.2.Final.jar;C:\Users\Caleb A Beck\.m2\repository\javax\xml\bind\jaxb-api\2.3.1\jaxb-api-2.3.1.jar;C:\Users\Caleb A Beck\.m2\repository\org\glassfish\jaxb\jaxb-runtime\2.3.1\jaxb-runtime-2.3.1.jar;C:\Users\Caleb A Beck\.m2\repository\org\glassfish\jaxb\txw2\2.3.1\txw2-2.3.1.jar;C:\Users\Caleb A Beck\.m2\repository\com\sun\istack\istack-commons-runtime\3.0.7\istack-commons-runtime-3.0.7.jar;C:\Users\Caleb A Beck\.m2\repository\org\jvnet\staxex\stax-ex\1.8\stax-ex-1.8.jar;C:\Users\Caleb A Beck\.m2\repository\com\sun\xml\fastinfoset\FastInfoset\1.2.15\FastInfoset-1.2.15.jar;C:\Program Files\JetBrains\IntelliJ IDEA Community Edition 2022.1.4\lib\idea_rt.jar, java.vm.vendor=Temurin, sun.arch.data.model=64, idea.test.cyclic.buffer.size=1048576, user.variant=, java.vendor.url=https://adoptium.net/, user.timezone=America/New_York, os.name=Windows 10, java.vm.specification.version=1.8, user.country=US, sun.java.launcher=SUN_STANDARD, sun.boot.library.path=C:\Program Files\Eclipse Adoptium\jdk-8.0.332.9-hotspot\jre\bin, sun.java.command=com.intellij.rt.junit.JUnitStarter -ideVersion5 -junit5 @w@C:\Users\CALEBA~1\AppData\Local\Temp\idea_working_dirs_junit.tmp @C:\Users\CALEBA~1\AppData\Local\Temp\idea_junit.tmp -socket52243, sun.cpu.endian=little, user.home=C:\Users\Caleb A Beck, user.language=en, java.specification.vendor=Oracle Corporation, java.home=C:\Program Files\Eclipse Adoptium\jdk-8.0.332.9-hotspot\jre, file.separator=\, line.separator=
, java.vm.specification.vendor=Oracle Corporation, java.specification.name=Java Platform API Specification, java.awt.graphicsenv=sun.awt.Win32GraphicsEnvironment, sun.boot.class.path=C:\Program Files\Eclipse Adoptium\jdk-8.0.332.9-hotspot\jre\lib\resources.jar;C:\Program Files\Eclipse Adoptium\jdk-8.0.332.9-hotspot\jre\lib\rt.jar;C:\Program Files\Eclipse Adoptium\jdk-8.0.332.9-hotspot\jre\lib\sunrsasign.jar;C:\Program Files\Eclipse Adoptium\jdk-8.0.332.9-hotspot\jre\lib\jsse.jar;C:\Program Files\Eclipse Adoptium\jdk-8.0.332.9-hotspot\jre\lib\jce.jar;C:\Program Files\Eclipse Adoptium\jdk-8.0.332.9-hotspot\jre\lib\charsets.jar;C:\Program Files\Eclipse Adoptium\jdk-8.0.332.9-hotspot\jre\lib\jfr.jar;C:\Program Files\Eclipse Adoptium\jdk-8.0.332.9-hotspot\jre\classes, user.script=, sun.management.compiler=HotSpot 64-Bit Tiered Compilers, java.runtime.version=1.8.0_332-b09, user.name=Caleb A Beck, path.separator=;, hibernate.connection.username=****, os.version=10.0, java.endorsed.dirs=C:\Program Files\Eclipse Adoptium\jdk-8.0.332.9-hotspot\jre\lib\endorsed, java.runtime.name=OpenJDK Runtime Environment, hibernate.connection.url=jdbc:postgresql://beck-db-instance.cewwl2d9shzm.us-east-1.rds.amazonaws.com:5432/postgres?currentSchema=pokebowl, hibernate.hbm2ddl=update, file.encoding=UTF-8, java.vm.name=OpenJDK 64-Bit Server VM, hibernate.show_sql=true, hibernate.connection.driver_class=org.postgresql.Driver, java.vendor.url.bug=https://github.com/adoptium/adoptium-support/issues, java.io.tmpdir=C:\Users\CALEBA~1\AppData\Local\Temp\, java.version=1.8.0_332, user.dir=C:\Users\Caleb A Beck\Desktop\Software Development\revature\java_projects\pokebowl_API_BFCB, os.arch=amd64, java.vm.specification.name=Java Virtual Machine Specification, hibernate.connection.password=****, java.awt.printerjob=sun.awt.windows.WPrinterJob, sun.os.patch.level=, hibernate.boot.CfgXmlAccessService.key=org.hibernate.boot.cfgxml.spi.LoadedConfig@1db0ec27, java.library.path=C:\Program Files\Eclipse Adoptium\jdk-8.0.332.9-hotspot\bin;C:\WINDOWS\Sun\Java\bin;C:\WINDOWS\system32;C:\WINDOWS;C:\Program Files\Eclipse Adoptium\jdk-8.0.332.9-hotspot\bin;C:\Program Files (x86)\Common Files\Oracle\Java\javapath;C:\WINDOWS\system32;C:\WINDOWS;C:\WINDOWS\System32\Wbem;C:\WINDOWS\System32\WindowsPowerShell\v1.0\;C:\WINDOWS\System32\OpenSSH\;C:\Program Files\NVIDIA Corporation\NVIDIA NvDLISR;C:\Program Files (x86)\NVIDIA Corporation\PhysX\Common;C:\WINDOWS\system32;C:\WINDOWS;C:\WINDOWS\System32\Wbem;C:\WINDOWS\System32\WindowsPowerShell\v1.0\;C:\WINDOWS\System32\OpenSSH\;C:\Program Files\dotnet\;C:\D\nodejs\;C:\Program Files\Git\cmd;C:\Users\Caleb A Beck\AppData\Local\Microsoft\WindowsApps;;C:\Users\Caleb A Beck\AppData\Local\Programs\Microsoft VS Code\bin;C:\Users\Caleb A Beck\.dotnet\tools;C:\Users\Caleb A Beck\AppData\Roaming\npm;., java.vm.info=mixed mode, java.vendor=Temurin, java.vm.version=25.332-b09, hibernate.bytecode.use_reflection_optimizer=false, java.ext.dirs=C:\Program Files\Eclipse Adoptium\jdk-8.0.332.9-hotspot\jre\lib\ext;C:\WINDOWS\Sun\Java\lib\ext, sun.io.unicode.encoding=UnicodeLittle, java.class.version=52.0}
[DEBUG] 2022-08-17 11:42:03.284 [main] JaccIntegrator - Skipping JACC integration as it was not enabled
[DEBUG] 2022-08-17 11:42:03.286 [main] SessionFactoryImpl - Instantiated session factory
[DEBUG] 2022-08-17 11:42:03.286 [main] TypeConfiguration$Scope - Scoping TypeConfiguration [org.hibernate.type.spi.TypeConfiguration@1b0a7baf] to SessionFactoryImpl [org.hibernate.internal.SessionFactoryImpl@62e8f862]
[DEBUG] 2022-08-17 11:42:03.333 [main] SchemaManagementToolCoordinator - No schema actions specified
[DEBUG] 2022-08-17 11:42:03.334 [main] SchemaManagementToolCoordinator - No actions specified; doing nothing
[DEBUG] 2022-08-17 11:42:03.334 [main] JtaPlatformInitiator - No JtaPlatform was specified, checking resolver
[DEBUG] 2022-08-17 11:42:03.335 [main] JtaPlatformResolverInitiator - No JtaPlatformResolver was specified, using default [org.hibernate.engine.transaction.jta.platform.internal.StandardJtaPlatformResolver]
[DEBUG] 2022-08-17 11:42:03.346 [main] StandardJtaPlatformResolver - Could not resolve JtaPlatform, using default [org.hibernate.engine.transaction.jta.platform.internal.NoJtaPlatform]
[INFO ] 2022-08-17 11:42:03.346 [main] JtaPlatformInitiator - HHH000490: Using JtaPlatform implementation: [org.hibernate.engine.transaction.jta.platform.internal.NoJtaPlatform]
[DEBUG] 2022-08-17 11:42:03.347 [main] NamedQueryRepository - Checking 0 named HQL queries
[DEBUG] 2022-08-17 11:42:03.348 [main] NamedQueryRepository - Checking 0 named SQL queries
[DEBUG] 2022-08-17 11:42:03.353 [main] SessionFactoryServiceRegistryImpl - EventListenerRegistry access via ServiceRegistry is deprecated.  Use `sessionFactory.getEventEngine().getListenerRegistry()` instead
[DEBUG] 2022-08-17 11:42:03.363 [main] SessionFactoryRegistry - Initializing SessionFactoryRegistry : org.hibernate.internal.SessionFactoryRegistry@6c000e0c
[DEBUG] 2022-08-17 11:42:03.365 [main] SessionFactoryRegistry - Registering SessionFactory: 2468dd3f-9e3f-4460-b254-50c5be8742ed (<unnamed>)
[DEBUG] 2022-08-17 11:42:03.365 [main] SessionFactoryRegistry - Not binding SessionFactory to JNDI, no JNDI name configured
[DEBUG] 2022-08-17 11:42:03.460 [main] StatisticsInitiator - Statistics initialized [enabled=false]
